<?xml version="1.0" encoding="UTF-8"?>
<!-- Generated by org.testng.reporters.JUnitReportReporter -->
<testsuite hostname="DESKTOP-M9BLJAP" failures="0" tests="4" name="LoginTestCase" time="4.530" errors="0" timestamp="2024-09-17T20:10:59 EET" skipped="0">
  <testcase classname="LoginTestCase" name="openLoginPage" time="0.990"/>
  <system-out/>
  <testcase classname="LoginTestCase" name="checkLogo" time="0.261"/>
  <system-out/>
  <testcase classname="LoginTestCase" name="checkLogin" time="3.124"/>
  <system-out/>
  <testcase classname="LoginTestCase" name="checkLogoLogin" time="0.155"/>
  <system-out/>
</testsuite> <!-- LoginTestCase -->
