<?xml version="1.0" encoding="UTF-8"?>
<!-- Generated by org.testng.reporters.JUnitReportReporter -->
<testsuite hostname="DESKTOP-M9BLJAP" failures="0" tests="6" name="MyTestCase" time="4.269" errors="0" timestamp="2024-09-19T20:05:32 EET" skipped="0">
  <testcase classname="MyTestCase" name="transferToSignUpPage" time="1.783"/>
  <system-out/>
  <testcase classname="MyTestCase" name="enterFirstName" time="0.319"/>
  <system-out/>
  <testcase classname="MyTestCase" name="enterLastName" time="0.152"/>
  <system-out/>
  <testcase classname="MyTestCase" name="enterEmail" time="0.138"/>
  <system-out/>
  <testcase classname="MyTestCase" name="enterPassword" time="1.704"/>
  <system-out/>
  <testcase classname="MyTestCase" name="checkLogoSignUp" time="0.173"/>
  <system-out/>
</testsuite> <!-- MyTestCase -->
