<?xml version="1.0" encoding="UTF-8"?>
<!-- Generated by org.testng.reporters.JUnitReportReporter -->
<testsuite hostname="DESKTOP-M9BLJAP" failures="0" tests="5" name="MyTestCase" time="8.916" errors="0" timestamp="2024-09-10T20:15:10 EET" skipped="0">
  <testcase classname="MyTestCase" name="transferToSignUpPage" time="1.721"/>
  <system-out/>
  <testcase classname="MyTestCase" name="enterFirstName" time="0.110"/>
  <system-out/>
  <testcase classname="MyTestCase" name="enterLastName" time="0.084"/>
  <system-out/>
  <testcase classname="MyTestCase" name="enterEmail" time="0.113"/>
  <system-out/>
  <testcase classname="MyTestCase" name="enterPassword" time="6.888"/>
  <system-out/>
</testsuite> <!-- MyTestCase -->
