<?xml version="1.0" encoding="UTF-8"?>
<!-- Generated by org.testng.reporters.JUnitReportReporter -->
<testsuite hostname="DESKTOP-M9BLJAP" failures="0" tests="6" name="MyTestCase" time="5.356" errors="0" timestamp="2024-09-17T20:08:45 EET" skipped="0">
  <testcase classname="MyTestCase" name="transferToSignUpPage" time="0.982"/>
  <system-out/>
  <testcase classname="MyTestCase" name="enterFirstName" time="0.549"/>
  <system-out/>
  <testcase classname="MyTestCase" name="enterLastName" time="0.303"/>
  <system-out/>
  <testcase classname="MyTestCase" name="enterEmail" time="0.164"/>
  <system-out/>
  <testcase classname="MyTestCase" name="enterPassword" time="3.240"/>
  <system-out/>
  <testcase classname="MyTestCase" name="checkLogoSignUp" time="0.118"/>
  <system-out/>
</testsuite> <!-- MyTestCase -->
