<?xml version="1.0" encoding="UTF-8"?>
<!-- Generated by org.testng.reporters.JUnitReportReporter -->
<testsuite hostname="DESKTOP-M9BLJAP" failures="0" tests="5" name="MyTestCase" time="6.243" errors="0" timestamp="2024-09-03T20:02:51 EET" skipped="0">
  <testcase classname="MyTestCase" name="transferToSignUpPage" time="1.816"/>
  <system-out/>
  <testcase classname="MyTestCase" name="enterFirstName" time="0.192"/>
  <system-out/>
  <testcase classname="MyTestCase" name="enterLastName" time="0.118"/>
  <system-out/>
  <testcase classname="MyTestCase" name="enterEmail" time="0.217"/>
  <system-out/>
  <testcase classname="MyTestCase" name="enterPassword" time="3.900"/>
  <system-out/>
</testsuite> <!-- MyTestCase -->
