<?xml version="1.0" encoding="UTF-8"?>
<!-- Generated by org.testng.reporters.JUnitReportReporter -->
<testsuite hostname="DESKTOP-M9BLJAP" failures="0" tests="5" name="MyTestCase" time="3.286" errors="0" timestamp="2024-09-01T17:56:52 EET" skipped="0">
  <testcase classname="MyTestCase" name="transferToSignUpPage" time="1.084"/>
  <system-out/>
  <testcase classname="MyTestCase" name="enterFirstName" time="0.081"/>
  <system-out/>
  <testcase classname="MyTestCase" name="enterLastName" time="0.057"/>
  <system-out/>
  <testcase classname="MyTestCase" name="enterEmail" time="0.069"/>
  <system-out/>
  <testcase classname="MyTestCase" name="enterPassword" time="1.995"/>
  <system-out/>
</testsuite> <!-- MyTestCase -->
